{"/home/administrateur/Red-Tetris/code/src/server/main.ts": {"path":"/home/administrateur/Red-Tetris/code/src/server/main.ts","statementMap":{"0":{"start":{"line":6,"column":13},"end":{"line":6,"column":65}},"1":{"start":{"line":7,"column":13},"end":{"line":7,"column":null}},"2":{"start":{"line":9,"column":14},"end":{"line":28,"column":null}},"3":{"start":{"line":10,"column":1},"end":{"line":10,"column":null}},"4":{"start":{"line":11,"column":1},"end":{"line":11,"column":null}},"5":{"start":{"line":12,"column":1},"end":{"line":12,"column":null}},"6":{"start":{"line":14,"column":1},"end":{"line":28,"column":null}},"7":{"start":{"line":15,"column":18},"end":{"line":15,"column":38}},"8":{"start":{"line":17,"column":2},"end":{"line":17,"column":null}},"9":{"start":{"line":19,"column":2},"end":{"line":19,"column":null}},"10":{"start":{"line":20,"column":2},"end":{"line":20,"column":null}},"11":{"start":{"line":21,"column":2},"end":{"line":21,"column":null}},"12":{"start":{"line":22,"column":2},"end":{"line":22,"column":null}},"13":{"start":{"line":23,"column":2},"end":{"line":23,"column":null}},"14":{"start":{"line":25,"column":2},"end":{"line":25,"column":null}},"15":{"start":{"line":27,"column":2},"end":{"line":27,"column":null}},"16":{"start":{"line":28,"column":2},"end":{"line":28,"column":null}},"17":{"start":{"line":32,"column":0},"end":{"line":32,"column":null}}},"fnMap":{"0":{"name":"(anonymous_0)","decl":{"start":{"line":9,"column":14},"end":{"line":9,"column":26}},"loc":{"start":{"line":9,"column":26},"end":{"line":28,"column":null}},"line":9}},"branchMap":{"0":{"loc":{"start":{"line":6,"column":22},"end":{"line":6,"column":62}},"type":"binary-expr","locations":[{"start":{"line":6,"column":22},"end":{"line":6,"column":54}},{"start":{"line":6,"column":54},"end":{"line":6,"column":62}}],"line":6}},"s":{"0":0,"1":0,"2":0,"3":0,"4":0,"5":0,"6":0,"7":0,"8":0,"9":0,"10":0,"11":0,"12":0,"13":0,"14":0,"15":0,"16":0,"17":0},"f":{"0":0},"b":{"0":[0,0]},"meta":{"lastBranch":1,"lastFunction":1,"lastStatement":18,"seen":{"s:6:13:6:65":0,"b:6:22:6:54:6:54:6:62":0,"s:7:13:7:Infinity":1,"s:9:14:28:Infinity":2,"f:9:14:9:26":0,"s:10:1:10:Infinity":3,"s:11:1:11:Infinity":4,"s:12:1:12:Infinity":5,"s:14:1:28:Infinity":6,"s:15:18:15:38":7,"s:17:2:17:Infinity":8,"s:19:2:19:Infinity":9,"s:20:2:20:Infinity":10,"s:21:2:21:Infinity":11,"s:22:2:22:Infinity":12,"s:23:2:23:Infinity":13,"s:25:2:25:Infinity":14,"s:27:2:27:Infinity":15,"s:28:2:28:Infinity":16,"s:32:0:32:Infinity":17}}}
,"/home/administrateur/Red-Tetris/code/src/server/class/Game.ts": {"path":"/home/administrateur/Red-Tetris/code/src/server/class/Game.ts","statementMap":{},"fnMap":{},"branchMap":{},"s":{},"f":{},"b":{},"meta":{"lastBranch":0,"lastFunction":0,"lastStatement":0,"seen":{}}}
,"/home/administrateur/Red-Tetris/code/src/server/class/Piece.ts": {"path":"/home/administrateur/Red-Tetris/code/src/server/class/Piece.ts","statementMap":{"0":{"start":{"line":3,"column":0},"end":{"line":6,"column":null}},"1":{"start":{"line":4,"column":2},"end":{"line":6,"column":null}},"2":{"start":{"line":5,"column":4},"end":{"line":5,"column":null}}},"fnMap":{"0":{"name":"(anonymous_0)","decl":{"start":{"line":3,"column":9},"end":{"line":3,"column":24}},"loc":{"start":{"line":3,"column":24},"end":{"line":6,"column":null}},"line":3},"1":{"name":"(anonymous_1)","decl":{"start":{"line":4,"column":5},"end":{"line":4,"column":26}},"loc":{"start":{"line":4,"column":26},"end":{"line":6,"column":null}},"line":4}},"branchMap":{},"s":{"0":0,"1":0,"2":0},"f":{"0":0,"1":0},"b":{},"meta":{"lastBranch":0,"lastFunction":2,"lastStatement":3,"seen":{"s:3:0:6:Infinity":0,"f:3:9:3:24":0,"s:4:2:6:Infinity":1,"f:4:5:4:26":1,"s:5:4:5:Infinity":2}}}
,"/home/administrateur/Red-Tetris/code/src/server/class/Player.ts": {"path":"/home/administrateur/Red-Tetris/code/src/server/class/Player.ts","statementMap":{},"fnMap":{},"branchMap":{},"s":{},"f":{},"b":{},"meta":{"lastBranch":0,"lastFunction":0,"lastStatement":0,"seen":{}}}
,"/home/administrateur/Red-Tetris/code/src/server/config/fastify.ts": {"path":"/home/administrateur/Red-Tetris/code/src/server/config/fastify.ts","statementMap":{"0":{"start":{"line":7,"column":7},"end":{"line":9,"column":3}},"1":{"start":{"line":11,"column":47},"end":{"line":11,"column":null}},"2":{"start":{"line":13,"column":13},"end":{"line":15,"column":4}},"3":{"start":{"line":17,"column":2},"end":{"line":19,"column":null}},"4":{"start":{"line":18,"column":6},"end":{"line":18,"column":null}},"5":{"start":{"line":22,"column":1},"end":{"line":22,"column":null}},"6":{"start":{"line":24,"column":1},"end":{"line":24,"column":null}}},"fnMap":{"0":{"name":"buildFastify","decl":{"start":{"line":6,"column":22},"end":{"line":6,"column":63}},"loc":{"start":{"line":6,"column":63},"end":{"line":24,"column":null}},"line":6},"1":{"name":"(anonymous_1)","decl":{"start":{"line":17,"column":8},"end":{"line":17,"column":23}},"loc":{"start":{"line":17,"column":34},"end":{"line":19,"column":null}},"line":17}},"branchMap":{},"s":{"0":0,"1":0,"2":0,"3":0,"4":0,"5":0,"6":0},"f":{"0":0,"1":0},"b":{},"meta":{"lastBranch":0,"lastFunction":2,"lastStatement":7,"seen":{"f:6:22:6:63":0,"s:7:7:9:3":0,"s:11:47:11:Infinity":1,"s:13:13:15:4":2,"s:17:2:19:Infinity":3,"f:17:8:17:23":1,"s:18:6:18:Infinity":4,"s:22:1:22:Infinity":5,"s:24:1:24:Infinity":6}}}
,"/home/administrateur/Red-Tetris/code/src/server/routes/index.ts": {"path":"/home/administrateur/Red-Tetris/code/src/server/routes/index.ts","statementMap":{"0":{"start":{"line":6,"column":1},"end":{"line":6,"column":null}}},"fnMap":{"0":{"name":"setupRoutes","decl":{"start":{"line":4,"column":22},"end":{"line":4,"column":34}},"loc":{"start":{"line":4,"column":60},"end":{"line":6,"column":null}},"line":4}},"branchMap":{},"s":{"0":0},"f":{"0":0},"b":{},"meta":{"lastBranch":0,"lastFunction":1,"lastStatement":1,"seen":{"f:4:22:4:34":0,"s:6:1:6:Infinity":0}}}
,"/home/administrateur/Red-Tetris/code/src/server/routes/api/health.ts": {"path":"/home/administrateur/Red-Tetris/code/src/server/routes/api/health.ts","statementMap":{"0":{"start":{"line":4,"column":1},"end":{"line":10,"column":null}},"1":{"start":{"line":5,"column":2},"end":{"line":9,"column":null}}},"fnMap":{"0":{"name":"healthRoutes","decl":{"start":{"line":3,"column":22},"end":{"line":3,"column":35}},"loc":{"start":{"line":3,"column":61},"end":{"line":10,"column":null}},"line":3},"1":{"name":"(anonymous_1)","decl":{"start":{"line":4,"column":24},"end":{"line":4,"column":36}},"loc":{"start":{"line":4,"column":36},"end":{"line":10,"column":null}},"line":4}},"branchMap":{},"s":{"0":0,"1":0},"f":{"0":0,"1":0},"b":{},"meta":{"lastBranch":0,"lastFunction":2,"lastStatement":2,"seen":{"f:3:22:3:35":0,"s:4:1:10:Infinity":0,"f:4:24:4:36":1,"s:5:2:9:Infinity":1}}}
,"/home/administrateur/Red-Tetris/code/src/server/service/GameManager.ts": {"path":"/home/administrateur/Red-Tetris/code/src/server/service/GameManager.ts","statementMap":{},"fnMap":{},"branchMap":{},"s":{},"f":{},"b":{},"meta":{"lastBranch":0,"lastFunction":0,"lastStatement":0,"seen":{}}}
,"/home/administrateur/Red-Tetris/code/src/server/utils/logger.ts": {"path":"/home/administrateur/Red-Tetris/code/src/server/utils/logger.ts","statementMap":{"0":{"start":{"line":3,"column":6},"end":{"line":3,"column":null}},"1":{"start":{"line":5,"column":22},"end":{"line":41,"column":null}},"2":{"start":{"line":7,"column":2},"end":{"line":7,"column":null}},"3":{"start":{"line":7,"column":13},"end":{"line":7,"column":null}},"4":{"start":{"line":11,"column":2},"end":{"line":11,"column":null}},"5":{"start":{"line":11,"column":13},"end":{"line":11,"column":null}},"6":{"start":{"line":15,"column":2},"end":{"line":15,"column":null}},"7":{"start":{"line":15,"column":13},"end":{"line":15,"column":null}},"8":{"start":{"line":19,"column":2},"end":{"line":19,"column":null}},"9":{"start":{"line":23,"column":2},"end":{"line":23,"column":null}},"10":{"start":{"line":23,"column":13},"end":{"line":23,"column":null}},"11":{"start":{"line":27,"column":2},"end":{"line":27,"column":null}},"12":{"start":{"line":31,"column":22},"end":{"line":37,"column":null}},"13":{"start":{"line":39,"column":2},"end":{"line":39,"column":null}},"14":{"start":{"line":39,"column":13},"end":{"line":39,"column":null}},"15":{"start":{"line":44,"column":2},"end":{"line":44,"column":null}}},"fnMap":{"0":{"name":"(anonymous_0)","decl":{"start":{"line":6,"column":1},"end":{"line":6,"column":8}},"loc":{"start":{"line":6,"column":27},"end":{"line":7,"column":null}},"line":6},"1":{"name":"(anonymous_1)","decl":{"start":{"line":10,"column":1},"end":{"line":10,"column":11}},"loc":{"start":{"line":10,"column":30},"end":{"line":11,"column":null}},"line":10},"2":{"name":"(anonymous_2)","decl":{"start":{"line":14,"column":1},"end":{"line":14,"column":8}},"loc":{"start":{"line":14,"column":27},"end":{"line":15,"column":null}},"line":14},"3":{"name":"(anonymous_3)","decl":{"start":{"line":18,"column":1},"end":{"line":18,"column":9}},"loc":{"start":{"line":18,"column":28},"end":{"line":19,"column":null}},"line":18},"4":{"name":"(anonymous_4)","decl":{"start":{"line":22,"column":1},"end":{"line":22,"column":9}},"loc":{"start":{"line":22,"column":28},"end":{"line":23,"column":null}},"line":22},"5":{"name":"(anonymous_5)","decl":{"start":{"line":26,"column":1},"end":{"line":26,"column":10}},"loc":{"start":{"line":26,"column":30},"end":{"line":27,"column":null}},"line":26},"6":{"name":"(anonymous_6)","decl":{"start":{"line":30,"column":1},"end":{"line":30,"column":9}},"loc":{"start":{"line":30,"column":42},"end":{"line":39,"column":null}},"line":30},"7":{"name":"showLog","decl":{"start":{"line":43,"column":16},"end":{"line":43,"column":26}},"loc":{"start":{"line":43,"column":26},"end":{"line":44,"column":null}},"line":43}},"branchMap":{"0":{"loc":{"start":{"line":7,"column":2},"end":{"line":7,"column":null}},"type":"if","locations":[{"start":{"line":7,"column":2},"end":{"line":7,"column":null}},{"start":{},"end":{}}],"line":7},"1":{"loc":{"start":{"line":11,"column":2},"end":{"line":11,"column":null}},"type":"if","locations":[{"start":{"line":11,"column":2},"end":{"line":11,"column":null}},{"start":{},"end":{}}],"line":11},"2":{"loc":{"start":{"line":15,"column":2},"end":{"line":15,"column":null}},"type":"if","locations":[{"start":{"line":15,"column":2},"end":{"line":15,"column":null}},{"start":{},"end":{}}],"line":15},"3":{"loc":{"start":{"line":23,"column":2},"end":{"line":23,"column":null}},"type":"if","locations":[{"start":{"line":23,"column":2},"end":{"line":23,"column":null}},{"start":{},"end":{}}],"line":23},"4":{"loc":{"start":{"line":31,"column":22},"end":{"line":37,"column":null}},"type":"binary-expr","locations":[{"start":{"line":31,"column":22},"end":{"line":37,"column":15}},{"start":{"line":37,"column":15},"end":{"line":37,"column":null}}],"line":31},"5":{"loc":{"start":{"line":39,"column":2},"end":{"line":39,"column":null}},"type":"if","locations":[{"start":{"line":39,"column":2},"end":{"line":39,"column":null}},{"start":{},"end":{}}],"line":39}},"s":{"0":0,"1":0,"2":0,"3":0,"4":0,"5":0,"6":0,"7":0,"8":0,"9":0,"10":0,"11":0,"12":0,"13":0,"14":0,"15":0},"f":{"0":0,"1":0,"2":0,"3":0,"4":0,"5":0,"6":0,"7":0},"b":{"0":[0,0],"1":[0,0],"2":[0,0],"3":[0,0],"4":[0,0],"5":[0,0]},"meta":{"lastBranch":6,"lastFunction":8,"lastStatement":16,"seen":{"s:3:6:3:Infinity":0,"s:5:22:41:Infinity":1,"f:6:1:6:8":0,"b:7:2:7:Infinity:undefined:undefined:undefined:undefined":0,"s:7:2:7:Infinity":2,"s:7:13:7:Infinity":3,"f:10:1:10:11":1,"b:11:2:11:Infinity:undefined:undefined:undefined:undefined":1,"s:11:2:11:Infinity":4,"s:11:13:11:Infinity":5,"f:14:1:14:8":2,"b:15:2:15:Infinity:undefined:undefined:undefined:undefined":2,"s:15:2:15:Infinity":6,"s:15:13:15:Infinity":7,"f:18:1:18:9":3,"s:19:2:19:Infinity":8,"f:22:1:22:9":4,"b:23:2:23:Infinity:undefined:undefined:undefined:undefined":3,"s:23:2:23:Infinity":9,"s:23:13:23:Infinity":10,"f:26:1:26:10":5,"s:27:2:27:Infinity":11,"f:30:1:30:9":6,"s:31:22:37:Infinity":12,"b:31:22:37:15:37:15:37:Infinity":4,"b:39:2:39:Infinity:undefined:undefined:undefined:undefined":5,"s:39:2:39:Infinity":13,"s:39:13:39:Infinity":14,"f:43:16:43:26":7,"s:44:2:44:Infinity":15}}}
}
